    |\^/|     Maple 2019 (X86 64 LINUX)
._|\|   |/|_. Copyright (c) Maplesoft, a division of Waterloo Maple Inc. 2019
 \  MAPLE  /  All rights reserved. Maple is a trademark of
 <____ ____>  Waterloo Maple Inc.
      |       Type ? for help.

> restart;
> writeto(terminal);
> NULL;
> S := readdata("s.txt", float, 3)[1];
                              S := [1.0, 1.0, 1.0]

> X1 := S[1];
                                   X1 := 1.0

> X2 := S[2];
                                   X2 := 1.0

> T := S[3];
                                    T := 1.0

> Y_str := parse(readdata("y.txt", string, 3)[1][1], statement);
                                     Pi x1      Pi x2
                        Y_str := cos(-----) cos(-----) t
                                       2          2

> y := unapply(Y_str, x1, x2, t);
              y := (x1, x2, t) -> cos(1/2 Pi x1) cos(1/2 Pi x2) t

> y(0, 0, 42);
                                       42

> L_str := parse(readdata("L_eq.txt", string, 100)[1][1], statement);
                                2   2     Pi x1      Pi x2
                  L_str := 1/2 c  Pi  cos(-----) cos(-----) t
                                            2          2

> G_str := parse(readdata("G.txt", string, 100)[1][1], statement);
              {             1                                  2     2 1/2
              { --------------------------        0 < c t - (x1  + x2 )
     G_str := {          2  2     2     2
              { 2 Pi c (c  t  - x1  - x2 )
              {
              {             0                            otherwise

> c := 1;
                                     c := 1

> L := unapply(L_str, x1, x2, t);
                                    2
          L := (x1, x2, t) -> 1/2 Pi  cos(1/2 Pi x1) cos(1/2 Pi x2) t

> u := (x1, x2, t) -> L(x1, x2, t);
                        u := (x1, x2, t) -> L(x1, x2, t)

> G := unapply(G_str, x1, x2, t);
G := (x1, x2, t) ->

                         2     2 1/2               1
    piecewise(0 < t - (x2  + x1 )   , 1/2 -------------------, 0)
                                               2     2     2
                                          Pi (t  - x1  - x2 )

> ;
> u(0.5, 0.5, 0.5);
                                  1.233700550

> G(0, 1/5, 0.3);
                                  3.183098861

> y(0, 0, 42);
                                       42


> plotsetup(maplet);
> with(plots);
[animate, animate3d, animatecurve, arrow, changecoords, complexplot,

    complexplot3d, conformal, conformal3d, contourplot, contourplot3d,

    coordplot, coordplot3d, densityplot, display, dualaxisplot, fieldplot,

    fieldplot3d, gradplot, gradplot3d, implicitplot, implicitplot3d, inequal,

    interactive, interactiveparams, intersectplot, listcontplot, listcontplot3d,

    listdensityplot, listplot, listplot3d, loglogplot, logplot, matrixplot,

    multiple, odeplot, pareto, plotcompare, pointplot, pointplot3d, polarplot,

    polygonplot, polygonplot3d, polyhedra_supported, polyhedraplot, rootlocus,

    semilogplot, setcolors, setoptions, setoptions3d, shadebetween, spacecurve,

    sparsematrixplot, surfdata, textplot, textplot3d, tubeplot]

> animate3d(y(x1, x2, t), x1 = -X1 .. X1, x2 = -X2 .. X2, t = 0 .. 1, color = sin(x1*x2));
Initializing Java runtime environment.
Picked up JAVA_TOOL_OPTIONS: 
> Y0rl := Matrix([[1/2, 1/2, 0], [1/3, 1/3, 0], [1/4, 1/4, 0], [1/5, 1/5, 0], [1/6, 1/6, 0]]);
                                   [1/2    1/2    0]
                                   [               ]
                                   [1/3    1/3    0]
                                   [               ]
                           Y0rl := [1/4    1/4    0]
                                   [               ]
                                   [1/5    1/5    0]
                                   [               ]
                                   [1/6    1/6    0]

> L0 := 5;
                                    L0 := 5

> Y0i := Vector(5);
                                          [0]
                                          [ ]
                                          [0]
                                          [ ]
                                   Y0i := [0]
                                          [ ]
                                          [0]
                                          [ ]
                                          [0]

> for i to 5 do
>     Y0i[i] := y(Y0rl[i, 1], Y0rl[i, 2], Y0rl[i, 3]);
> end do;
                                  Y0i[1] := 0

                                  Y0i[2] := 0

                                  Y0i[3] := 0

                                  Y0i[4] := 0

                                  Y0i[5] := 0

> YGrl := Matrix([[1/2, 1, 1/7], [0, 0, 1/2], [0, 1/3, 1/5], [1/2, 0, 1/4], [0, 1/2, 1/8]]);
                                  [1/2     1     1/7]
                                  [                 ]
                                  [ 0      0     1/2]
                                  [                 ]
                          YGrl := [ 0     1/3    1/5]
                                  [                 ]
                                  [1/2     0     1/4]
                                  [                 ]
                                  [ 0     1/2    1/8]

> LG := 5;
                                    LG := 5

> YGi := Vector(5);
                                          [0]
                                          [ ]
                                          [0]
                                          [ ]
                                   YGi := [0]
                                          [ ]
                                          [0]
                                          [ ]
                                          [0]

> for i to 5 do
>     YGi[i] := evalf(y(YGrl[i, 1], YGrl[i, 2], YGrl[i, 3]));
> end do;
                                  YGi[1] := 0.

                             YGi[2] := 0.5000000000

                             YGi[3] := 0.1732050808

                             YGi[4] := 0.1767766952

                            YGi[5] := 0.08838834762

> Sm0 := Matrix([[1/2, 1/2, -1], [1/3, 1/3, -2]]);
                                  [1/2    1/2    -1]
                           Sm0 := [                ]
                                  [1/3    1/3    -2]

> M0 := 2;
                                    M0 := 2

> SmG := Matrix([[1.1, 1.5, 1/2], [-0.5, 2, 1/2]]);
                                 [1.1     1.5    1/2]
                          SmG := [                  ]
                                 [-0.5     2     1/2]

> MG := 2;
                                    MG := 2


> yI := 0;
                                    yI := 0

> for i1 to 10 do
>     for i2 to 10 do for i3 to 10 do yI1 := piecewise(c(i3/10)^4 + (-(i1/10)^2 - (i2/10)^2) <> 0, 0.001*1/(2*Pi*c*(c(t - i3/10)^4 + (-(x1 - i1/10)^2 - (x2 - i2/10)^2)))*L(i1/10, i2/10, i3/10), 0); yI := yI + yI1; end do; end do;
> end do;
> yInf := unapply(yI, x1, x2, t);
                                         2      Pi  2
                       0.0004376760934 Pi  cos(----)
                                                10
yInf := (x1, x2, t) -> ------------------------------
                                     2             2
                       1 - (x1 - 1/5)  - (x2 - 1/5)

                         2      Pi  2                      2     9 Pi 2
       0.0004376760934 Pi  cos(----)     0.0004376760934 Pi  cos(----)
                                20                                20
     + ------------------------------- + -------------------------------
                      2              2                  2              2
       1 - (x1 - 1/10)  - (x2 - 1/10)    1 - (x1 - 9/10)  - (x2 - 9/10)

                         2     2 Pi 2                     2     7 Pi 2
       0.0004376760934 Pi  cos(----)    0.0004376760934 Pi  cos(----)
                                5                                20
     + ------------------------------ + -------------------------------
                     2             2                   2              2
       1 - (x1 - 4/5)  - (x2 - 4/5)     1 - (x1 - 7/10)  - (x2 - 7/10)

                         2     3 Pi 2                     2      Pi  2
       0.0004376760934 Pi  cos(----)    0.0004376760934 Pi  cos(----)
                                10                               5
     + ------------------------------ + ------------------------------
                     2             2                  2             2
       1 - (x1 - 3/5)  - (x2 - 3/5)     1 - (x1 - 2/5)  - (x2 - 2/5)

                         2     3 Pi 2
       0.0004376760934 Pi  cos(----)
                                20
     + -------------------------------
                      2              2
       1 - (x1 - 3/10)  - (x2 - 3/10)

                         2     3 Pi       Pi
       0.0004376760934 Pi  cos(----) cos(----)
                                20        5
     + ---------------------------------------
                          2             2
           1 - (x1 - 3/10)  - (x2 - 2/5)

                         2     3 Pi   1/2
       0.0002188380468 Pi  cos(----) 2
                                20
     + ----------------------------------
                        2             2
         1 - (x1 - 3/10)  - (x2 - 1/2)

                         2      Pi       3 Pi
       0.0004376760934 Pi  cos(----) cos(----)
                                10        20
     + ---------------------------------------
                          2             2
           1 - (x1 - 3/10)  - (x2 - 1/5)

                         2      Pi       3 Pi
       0.0004376760934 Pi  cos(----) cos(----)
                                20        20
     + ---------------------------------------
                          2              2
           1 - (x1 - 3/10)  - (x2 - 1/10)

                         2      Pi       2 Pi
       0.0004376760934 Pi  cos(----) cos(----)
                                10        5
     + ---------------------------------------
                          2             2
            1 - (x1 - 1/5)  - (x2 - 4/5)

                         2      Pi       9 Pi
       0.0004376760934 Pi  cos(----) cos(----)
                                10        20
     + ---------------------------------------
                         2              2
           1 - (x1 - 1/5)  - (x2 - 9/10)

                         2      Pi       3 Pi
       0.0004376760934 Pi  cos(----) cos(----)
                                10        10
     + ---------------------------------------
                          2             2
            1 - (x1 - 1/5)  - (x2 - 3/5)

                         2      Pi       7 Pi
       0.0004376760934 Pi  cos(----) cos(----)
                                10        20
     + ---------------------------------------
                         2              2
           1 - (x1 - 1/5)  - (x2 - 7/10)

                         2      Pi        Pi
       0.0004376760934 Pi  cos(----) cos(----)
                                10        5
     + ---------------------------------------
                          2             2
            1 - (x1 - 1/5)  - (x2 - 2/5)

                         2      Pi    1/2
       0.0002188380468 Pi  cos(----) 2
                                10
     + ----------------------------------
                       2             2
         1 - (x1 - 1/5)  - (x2 - 1/2)

                         2      Pi       3 Pi
       0.0004376760934 Pi  cos(----) cos(----)
                                10        20
     + ---------------------------------------
                         2              2
           1 - (x1 - 1/5)  - (x2 - 3/10)

                         2      Pi        Pi
       0.0004376760934 Pi  cos(----) cos(----)
                                20        10
     + ---------------------------------------
                         2              2
           1 - (x1 - 1/5)  - (x2 - 1/10)

                         2      Pi        Pi
       0.0004376760934 Pi  cos(----) cos(----)
                                20        10
     + ---------------------------------------
                          2             2
           1 - (x1 - 1/10)  - (x2 - 1/5)

                         2      Pi       3 Pi
       0.0004376760934 Pi  cos(----) cos(----)
                                20        20
     + ---------------------------------------
                          2              2
           1 - (x1 - 1/10)  - (x2 - 3/10)

                         2      Pi        Pi
       0.0004376760934 Pi  cos(----) cos(----)
                                20        5
     + ---------------------------------------
                          2             2
           1 - (x1 - 1/10)  - (x2 - 2/5)

                         2      Pi    1/2
       0.0002188380468 Pi  cos(----) 2
                                20
     + ----------------------------------
                        2             2
         1 - (x1 - 1/10)  - (x2 - 1/2)

                         2      Pi       3 Pi
       0.0004376760934 Pi  cos(----) cos(----)
                                20        10
     + ---------------------------------------
                          2             2
           1 - (x1 - 1/10)  - (x2 - 3/5)

                         2      Pi       7 Pi
       0.0004376760934 Pi  cos(----) cos(----)
                                20        20
     + ---------------------------------------
                          2              2
           1 - (x1 - 1/10)  - (x2 - 7/10)

                         2      Pi       2 Pi
       0.0004376760934 Pi  cos(----) cos(----)
                                20        5
     + ---------------------------------------
                          2             2
           1 - (x1 - 1/10)  - (x2 - 4/5)

                         2      Pi       9 Pi
       0.0004376760934 Pi  cos(----) cos(----)
                                20        20
     + ---------------------------------------
                          2              2
           1 - (x1 - 1/10)  - (x2 - 9/10)

                         2     2 Pi      9 Pi
       0.0004376760934 Pi  cos(----) cos(----)
                                5         20
     + ---------------------------------------
                          2             2
           1 - (x1 - 9/10)  - (x2 - 4/5)

                         2     3 Pi      9 Pi
       0.0004376760934 Pi  cos(----) cos(----)
                                10        20
     + ---------------------------------------
                          2             2
           1 - (x1 - 9/10)  - (x2 - 3/5)

                         2     7 Pi      9 Pi
       0.0004376760934 Pi  cos(----) cos(----)
                                20        20
     + ---------------------------------------
                          2              2
           1 - (x1 - 9/10)  - (x2 - 7/10)

                         2  1/2     9 Pi
       0.0002188380468 Pi  2    cos(----)
                                     20
     + ----------------------------------
                        2             2
         1 - (x1 - 9/10)  - (x2 - 1/2)

                         2     3 Pi      9 Pi
       0.0004376760934 Pi  cos(----) cos(----)
                                20        20
     + ---------------------------------------
                          2              2
           1 - (x1 - 9/10)  - (x2 - 3/10)

                         2      Pi       9 Pi
       0.0004376760934 Pi  cos(----) cos(----)
                                5         20
     + ---------------------------------------
                          2             2
           1 - (x1 - 9/10)  - (x2 - 2/5)

                         2      Pi       9 Pi
       0.0004376760934 Pi  cos(----) cos(----)
                                20        20
     + ---------------------------------------
                          2              2
           1 - (x1 - 9/10)  - (x2 - 1/10)

                         2      Pi       9 Pi
       0.0004376760934 Pi  cos(----) cos(----)
                                10        20
     + ---------------------------------------
                          2             2
           1 - (x1 - 9/10)  - (x2 - 1/5)

                         2     2 Pi      9 Pi
       0.0004376760934 Pi  cos(----) cos(----)
                                5         20
     + ---------------------------------------
                         2              2
           1 - (x1 - 4/5)  - (x2 - 9/10)

                         2  1/2     2 Pi
       0.0002188380468 Pi  2    cos(----)
                                     5
     + ----------------------------------
                       2             2
         1 - (x1 - 4/5)  - (x2 - 1/2)

                         2     7 Pi      2 Pi
       0.0004376760934 Pi  cos(----) cos(----)
                                20        5
     + ---------------------------------------
                         2              2
           1 - (x1 - 4/5)  - (x2 - 7/10)

                         2      Pi       2 Pi
       0.0004376760934 Pi  cos(----) cos(----)
                                5         5
     + ---------------------------------------
                          2             2
            1 - (x1 - 4/5)  - (x2 - 2/5)

                         2      Pi       2 Pi
       0.0004376760934 Pi  cos(----) cos(----)
                                10        5
     + ---------------------------------------
                          2             2
            1 - (x1 - 4/5)  - (x2 - 1/5)

                         2     3 Pi      2 Pi
       0.0004376760934 Pi  cos(----) cos(----)
                                20        5
     + ---------------------------------------
                         2              2
           1 - (x1 - 4/5)  - (x2 - 3/10)

                         2     7 Pi      9 Pi
       0.0004376760934 Pi  cos(----) cos(----)
                                20        20
     + ---------------------------------------
                          2              2
           1 - (x1 - 7/10)  - (x2 - 9/10)

                         2      Pi       2 Pi
       0.0004376760934 Pi  cos(----) cos(----)
                                20        5
     + ---------------------------------------
                         2              2
           1 - (x1 - 4/5)  - (x2 - 1/10)

                         2     7 Pi      2 Pi
       0.0004376760934 Pi  cos(----) cos(----)
                                20        5
     + ---------------------------------------
                          2             2
           1 - (x1 - 7/10)  - (x2 - 4/5)

                         2  1/2     7 Pi
       0.0002188380468 Pi  2    cos(----)
                                     20
     + ----------------------------------
                        2             2
         1 - (x1 - 7/10)  - (x2 - 1/2)

                         2     3 Pi      7 Pi
       0.0004376760934 Pi  cos(----) cos(----)
                                10        20
     + ---------------------------------------
                          2             2
           1 - (x1 - 7/10)  - (x2 - 3/5)

                         2      Pi       7 Pi
       0.0004376760934 Pi  cos(----) cos(----)
                                5         20
     + ---------------------------------------
                          2             2
           1 - (x1 - 7/10)  - (x2 - 2/5)

                         2      Pi       7 Pi
       0.0004376760934 Pi  cos(----) cos(----)
                                10        20
     + ---------------------------------------
                          2             2
           1 - (x1 - 7/10)  - (x2 - 1/5)

                         2     3 Pi      7 Pi
       0.0004376760934 Pi  cos(----) cos(----)
                                20        20
     + ---------------------------------------
                          2              2
           1 - (x1 - 7/10)  - (x2 - 3/10)

                         2     3 Pi      9 Pi
       0.0004376760934 Pi  cos(----) cos(----)
                                10        20
     + ---------------------------------------
                         2              2
           1 - (x1 - 3/5)  - (x2 - 9/10)

                         2      Pi       7 Pi
       0.0004376760934 Pi  cos(----) cos(----)
                                20        20
     + ---------------------------------------
                          2              2
           1 - (x1 - 7/10)  - (x2 - 1/10)

                         2     3 Pi      7 Pi
       0.0004376760934 Pi  cos(----) cos(----)
                                10        20
     + ---------------------------------------
                         2              2
           1 - (x1 - 3/5)  - (x2 - 7/10)

                         2      Pi       3 Pi
       0.0004376760934 Pi  cos(----) cos(----)
                                5         10
     + ---------------------------------------
                          2             2
            1 - (x1 - 3/5)  - (x2 - 2/5)

                         2  1/2     3 Pi
       0.0002188380468 Pi  2    cos(----)
                                     10
     + ----------------------------------
                       2             2
         1 - (x1 - 3/5)  - (x2 - 1/2)

                         2     3 Pi      3 Pi
       0.0004376760934 Pi  cos(----) cos(----)
                                20        10
     + ---------------------------------------
                         2              2
           1 - (x1 - 3/5)  - (x2 - 3/10)

                         2      Pi       3 Pi
       0.0004376760934 Pi  cos(----) cos(----)
                                20        10
     + ---------------------------------------
                         2              2
           1 - (x1 - 3/5)  - (x2 - 1/10)

                         2      Pi       3 Pi
       0.0004376760934 Pi  cos(----) cos(----)
                                10        10
     + ---------------------------------------
                          2             2
            1 - (x1 - 3/5)  - (x2 - 1/5)

                         2  1/2     2 Pi                      2  1/2     9 Pi
       0.0002188380468 Pi  2    cos(----)   0.0002188380468 Pi  2    cos(----)
                                     5                                    20
     + ---------------------------------- + ----------------------------------
                       2             2                      2              2
         1 - (x1 - 1/2)  - (x2 - 4/5)         1 - (x1 - 1/2)  - (x2 - 9/10)

                         2  1/2     3 Pi                      2  1/2     7 Pi
       0.0002188380468 Pi  2    cos(----)   0.0002188380468 Pi  2    cos(----)
                                     10                                   20
     + ---------------------------------- + ----------------------------------
                       2             2                      2              2
         1 - (x1 - 1/2)  - (x2 - 3/5)         1 - (x1 - 1/2)  - (x2 - 7/10)

                         2      Pi    1/2                     2      Pi    1/2
       0.0002188380468 Pi  cos(----) 2      0.0002188380468 Pi  cos(----) 2
                                5                                    10
     + ---------------------------------- + ----------------------------------
                       2             2                      2             2
         1 - (x1 - 1/2)  - (x2 - 2/5)         1 - (x1 - 1/2)  - (x2 - 1/5)

                         2     3 Pi   1/2                     2      Pi    1/2
       0.0002188380468 Pi  cos(----) 2      0.0002188380468 Pi  cos(----) 2
                                20                                   20
     + ---------------------------------- + ----------------------------------
                       2              2                     2              2
         1 - (x1 - 1/2)  - (x2 - 3/10)        1 - (x1 - 1/2)  - (x2 - 1/10)

                         2      Pi       2 Pi
       0.0004376760934 Pi  cos(----) cos(----)
                                5         5
     + ---------------------------------------
                          2             2
            1 - (x1 - 2/5)  - (x2 - 4/5)

                         2      Pi       9 Pi
       0.0004376760934 Pi  cos(----) cos(----)
                                5         20
     + ---------------------------------------
                         2              2
           1 - (x1 - 2/5)  - (x2 - 9/10)

                         2      Pi       3 Pi
       0.0004376760934 Pi  cos(----) cos(----)
                                5         10
     + ---------------------------------------
                          2             2
            1 - (x1 - 2/5)  - (x2 - 3/5)

                         2      Pi       7 Pi
       0.0004376760934 Pi  cos(----) cos(----)
                                5         20
     + ---------------------------------------
                         2              2
           1 - (x1 - 2/5)  - (x2 - 7/10)

                         2      Pi    1/2
       0.0002188380468 Pi  cos(----) 2
                                5
     + ----------------------------------
                       2             2
         1 - (x1 - 2/5)  - (x2 - 1/2)

                         2      Pi        Pi
       0.0004376760934 Pi  cos(----) cos(----)
                                10        5
     + ---------------------------------------
                          2             2
            1 - (x1 - 2/5)  - (x2 - 1/5)

                         2     3 Pi       Pi
       0.0004376760934 Pi  cos(----) cos(----)
                                20        5
     + ---------------------------------------
                         2              2
           1 - (x1 - 2/5)  - (x2 - 3/10)

                         2      Pi        Pi
       0.0004376760934 Pi  cos(----) cos(----)
                                20        5
     + ---------------------------------------
                         2              2
           1 - (x1 - 2/5)  - (x2 - 1/10)

                         2     3 Pi      2 Pi
       0.0004376760934 Pi  cos(----) cos(----)
                                20        5
     + ---------------------------------------
                          2             2
           1 - (x1 - 3/10)  - (x2 - 4/5)

                         2     3 Pi      9 Pi
       0.0004376760934 Pi  cos(----) cos(----)
                                20        20
     + ---------------------------------------
                          2              2
           1 - (x1 - 3/10)  - (x2 - 9/10)

                         2     3 Pi      3 Pi
       0.0004376760934 Pi  cos(----) cos(----)
                                20        10
     + ---------------------------------------
                          2             2
           1 - (x1 - 3/10)  - (x2 - 3/5)

                         2     3 Pi      7 Pi
       0.0004376760934 Pi  cos(----) cos(----)                          2
                                20        20          0.0002188380468 Pi
     + --------------------------------------- + -----------------------------
                          2              2                     2             2
           1 - (x1 - 3/10)  - (x2 - 7/10)        1 - (x1 - 1/2)  - (x2 - 1/2)

> evalf(yInf(0, 0.65, 0.3));
                                  0.2167920549

> Y0 := Vector(L0);
                                         [0]
                                         [ ]
                                         [0]
                                         [ ]
                                   Y0 := [0]
                                         [ ]
                                         [0]
                                         [ ]
                                         [0]

> for l to L0 do
>     Y0[l] := Y0i[l] - evalf(yInf(Y0rl[l, 1], Y0rl[l, 2], Y0rl[l, 3]));
> end do;
                             Y0[1] := -0.1688180358

                             Y0[2] := -0.1662548629

                             Y0[3] := -0.1765600901

                             Y0[4] := -0.1934208438

                             Y0[5] := -0.2021364864

> YG := Vector(LG);
                                         [0]
                                         [ ]
                                         [0]
                                         [ ]
                                   YG := [0]
                                         [ ]
                                         [0]
                                         [ ]
                                         [0]

> for l to LG do
>     YG[l] := YGi[l] - evalf(yInf(YGrl[l, 1], YGrl[l, 2], YGrl[l, 3]));
> end do;
                             YG[1] := -0.5452922740

                             YG[2] := 0.1623694428

                             YG[3] := -0.0558794646

                             YG[4] := -0.0804428081

                             YG[5] := -0.1688311557

> Ybar := Vector(L0 + LG);
                                          [0]
                                          [ ]
                                          [0]
                                          [ ]
                                          [0]
                                          [ ]
                                          [0]
                                          [ ]
                                          [0]
                                  Ybar := [ ]
                                          [0]
                                          [ ]
                                          [0]
                                          [ ]
                                          [0]
                                          [ ]
                                          [0]
                                          [ ]
                                          [0]

> for i to L0 do
>     Ybar[i] := Y0[i];
> end do;
                            Ybar[1] := -0.1688180358

                            Ybar[2] := -0.1662548629

                            Ybar[3] := -0.1765600901

                            Ybar[4] := -0.1934208438

                            Ybar[5] := -0.2021364864

> for i to LG do
>     Ybar[L0 + i] := YG[i];
> end do;
                            Ybar[6] := -0.5452922740

                            Ybar[7] := 0.1623694428

                            Ybar[8] := -0.0558794646

                            Ybar[9] := -0.0804428081

                           Ybar[10] := -0.1688311557

> A11 := Matrix(L0, M0);
                                       [0    0]
                                       [      ]
                                       [0    0]
                                       [      ]
                                A11 := [0    0]
                                       [      ]
                                       [0    0]
                                       [      ]
                                       [0    0]

> A := Matrix(L0 + LG, M0 + MG);
                                 [0    0    0    0]
                                 [                ]
                                 [0    0    0    0]
                                 [                ]
                                 [0    0    0    0]
                                 [                ]
                                 [0    0    0    0]
                                 [                ]
                                 [0    0    0    0]
                            A := [                ]
                                 [0    0    0    0]
                                 [                ]
                                 [0    0    0    0]
                                 [                ]
                                 [0    0    0    0]
                                 [                ]
                                 [0    0    0    0]
                                 [                ]
                                 [0    0    0    0]

> for i to L0 do
>     for j to M0 do A11[i, j] := evalf(G(Y0rl[i, 1] - Sm0[j, 1], Y0rl[i, 2] - Sm0[j, 2], Y0rl[i, 3] - Sm0[j, 3])); A[i, j] := A11[i, j]; end do;
> end do;
> A11;
                        [0.1591549430    0.04034914050]
                        [                             ]
                        [0.1685169985    0.03978873576]
                        [                             ]
                        [0.1818913635    0.03992737248]
                        [                             ]
                        [0.1940913940    0.04014558540]
                        [                             ]
                        [0.2046277839    0.04034914050]

> A12 := Matrix(L0, MG);
                                       [0    0]
                                       [      ]
                                       [0    0]
                                       [      ]
                                A12 := [0    0]
                                       [      ]
                                       [0    0]
                                       [      ]
                                       [0    0]

> for i to L0 do
>     for j to MG do A12[i, j] := evalf(G(Y0rl[i, 1] - SmG[j, 1], Y0rl[i, 2] - SmG[j, 2], Y0rl[i, 3] - SmG[j, 3])); A[i, j + M0] := A12[i, j]; end do;
> end do;
> i := 2;
                                     i := 2

> j := 1;
                                     j := 1

> A12[i, j] := evalf(G(Y0rl[i, 1] - SmG[j, 1], Y0rl[i, 2] - SmG[j, 2], Y0rl[i, 3] - SmG[j, 3]));
                                A12[2, 1] := 0.

> A12;
                                   [0.    0.]
                                   [        ]
                                   [0.    0.]
                                   [        ]
                                   [0.    0.]
                                   [        ]
                                   [0.    0.]
                                   [        ]
                                   [0.    0.]

> A21 := Matrix(LG, M0);
                                       [0    0]
                                       [      ]
                                       [0    0]
                                       [      ]
                                A21 := [0    0]
                                       [      ]
                                       [0    0]
                                       [      ]
                                       [0    0]

> for i to LG do
>     for j to M0 do A21[i, j] := evalf(G(YGrl[i, 1] - Sm0[j, 1], YGrl[i, 2] - Sm0[j, 2], YGrl[i, 3] - Sm0[j, 3])); A[L0 + i, j] := A21[i, j]; end do;
> end do;
memory used=33.7MB, alloc=42.3MB, time=0.66
> A21;
                        [0.1506974340     0.03863345527]
                        [                              ]
                        [0.09094568174    0.02640358502]
                        [                              ]
                        [0.1369401995     0.03365588551]
                        [                              ]
                        [0.1212609090     0.03232484035]
                        [                              ]
                        [0.1567064055     0.03636384260]

> A22 := Matrix(LG, MG);
                                       [0    0]
                                       [      ]
                                       [0    0]
                                       [      ]
                                A22 := [0    0]
                                       [      ]
                                       [0    0]
                                       [      ]
                                       [0    0]

> for i to LG do
>     for j to MG do A22[i, j] := evalf(G(YGrl[i, 1] - SmG[j, 1], YGrl[i, 2] - SmG[j, 2], YGrl[i, 3] - SmG[j, 3])); A[i + L0, j + M0] := A22[i, j]; end do;
> end do;
> A22;
                                   [0.    0.]
                                   [        ]
                                   [0.    0.]
                                   [        ]
                                   [0.    0.]
                                   [        ]
                                   [0.    0.]
                                   [        ]
                                   [0.    0.]

> A;
                  [0.1591549430     0.04034914050    0.    0.]
                  [                                          ]
                  [0.1685169985     0.03978873576    0.    0.]
                  [                                          ]
                  [0.1818913635     0.03992737248    0.    0.]
                  [                                          ]
                  [0.1940913940     0.04014558540    0.    0.]
                  [                                          ]
                  [0.2046277839     0.04034914050    0.    0.]
                  [                                          ]
                  [0.1506974340     0.03863345527    0.    0.]
                  [                                          ]
                  [0.09094568174    0.02640358502    0.    0.]
                  [                                          ]
                  [0.1369401995     0.03365588551    0.    0.]
                  [                                          ]
                  [0.1212609090     0.03232484035    0.    0.]
                  [                                          ]
                  [0.1567064055     0.03636384260    0.    0.]

# Псевдообернена:
> with(LinearAlgebra);
[&x, Add, Adjoint, BackwardSubstitute, BandMatrix, Basis, BezoutMatrix,

    BidiagonalForm, BilinearForm, CARE, CharacteristicMatrix,

    CharacteristicPolynomial, Column, ColumnDimension, ColumnOperation,

    ColumnSpace, CompanionMatrix, CompressedSparseForm, ConditionNumber,

    ConstantMatrix, ConstantVector, Copy, CreatePermutation, CrossProduct, DARE,

    DeleteColumn, DeleteRow, Determinant, Diagonal, DiagonalMatrix, Dimension,

    Dimensions, DotProduct, EigenConditionNumbers, Eigenvalues, Eigenvectors,

    Equal, ForwardSubstitute, FrobeniusForm, FromCompressedSparseForm,

    FromSplitForm, GaussianElimination, GenerateEquations, GenerateMatrix,

    Generic, GetResultDataType, GetResultShape, GivensRotationMatrix,

    GramSchmidt, HankelMatrix, HermiteForm, HermitianTranspose, HessenbergForm,

    HilbertMatrix, HouseholderMatrix, IdentityMatrix, IntersectionBasis,

    IsDefinite, IsOrthogonal, IsSimilar, IsUnitary, JordanBlockMatrix,

    JordanForm, KroneckerProduct, LA_Main, LUDecomposition, LeastSquares,

    LinearSolve, LyapunovSolve, Map, Map2, MatrixAdd, MatrixExponential,

    MatrixFunction, MatrixInverse, MatrixMatrixMultiply, MatrixNorm,

    MatrixPower, MatrixScalarMultiply, MatrixVectorMultiply, MinimalPolynomial,

    Minor, Modular, Multiply, NoUserValue, Norm, Normalize, NullSpace,

    OuterProductMatrix, Permanent, Pivot, PopovForm, ProjectionMatrix,

    QRDecomposition, RandomMatrix, RandomVector, Rank, RationalCanonicalForm,

    ReducedRowEchelonForm, Row, RowDimension, RowOperation, RowSpace,

    ScalarMatrix, ScalarMultiply, ScalarVector, SchurForm, SingularValues,

    SmithForm, SplitForm, StronglyConnectedBlocks, SubMatrix, SubVector,

    SumBasis, SylvesterMatrix, SylvesterSolve, ToeplitzMatrix, Trace, Transpose,

    TridiagonalForm, UnitVector, VandermondeMatrix, VectorAdd, VectorAngle,

    VectorMatrixMultiply, VectorNorm, VectorScalarMultiply, ZeroMatrix,

    ZeroVector, Zip]

> At := Multiply(Transpose(A), MatrixInverse(Multiply(A, Transpose(A))));
At :=

    [12. , 5. , -20. , 0. , -9.50000000000000 , 20. , -48. , 16. , -15. , 30.]

    [85. , 14.2500000000000 , 69. , 25.5000000000000 , -104. , -25. , 53. ,

    -15.7500000000000 , 26.5000000000000 , -92.5000000000000]

    [0. , 0. , 0. , 0. , 0. , 0. , 0. , 0. , 0. , 0.]

    [0. , 0. , 0. , 0. , 0. , 0. , 0. , 0. , 0. , 0.]

> ufinal := Multiply(At, Ybar);
                                   [-20.8575350388000]
                                   [                 ]
                                   [23.7917883859250 ]
                         ufinal := [                 ]
                                   [       0.        ]
                                   [                 ]
                                   [       0.        ]

> u0 := Vector(M0);
                                         [0]
                                   u0 := [ ]
                                         [0]

> y0 := 0;
                                    y0 := 0

> for i to M0 do
>     u0[i] := ufinal[i];
> end do;
                           u0[1] := -20.8575350388000

                           u0[2] := 23.7917883859250

> for i to M0 do
>     y0 := y0 + G(x1 - Sm0[i, 1], x2 - Sm0[i, 2], t - Sm0[i, 3])*u0[i];
> end do;
                        /{                      1
y0 := -20.8575350388000 |{ ------------------------------------------- ,
                        |{              2             2             2
                        \{ 2 Pi ((t + 1)  - (x1 - 1/2)  - (x2 - 1/2) )

                           2             2 1/2
    0 < t + 1 - ((x2 - 1/2)  + (x1 - 1/2) )

                 \
    0 , otherwise|
                 |
                 /

                        /{                      1
y0 := -20.8575350388000 |{ ------------------------------------------- ,
                        |{              2             2             2
                        \{ 2 Pi ((t + 1)  - (x1 - 1/2)  - (x2 - 1/2) )

                           2             2 1/2
    0 < t + 1 - ((x2 - 1/2)  + (x1 - 1/2) )

                 \                    /{
    0 , otherwise| + 23.7917883859250 |{
                 |                    |{
                 /                    \{

                         1
    ------------------------------------------- ,
                 2             2             2
    2 Pi ((t + 2)  - (x1 - 1/3)  - (x2 - 1/3) )

                           2             2 1/2
    0 < t + 2 - ((x2 - 1/3)  + (x1 - 1/3) )

                 \
    0 , otherwise|
                 |
                 /

> uG := Vector(MG);
                                         [0]
                                   uG := [ ]
                                         [0]

> for i to MG do
>     uG[i] := ufinal[M0 + i];
> end do;
                                  uG[1] := 0.

                                  uG[2] := 0.

> yG := 0;
                                    yG := 0

> for i to MG do
>     yG := yG + G(x1 - SmG[i, 1], x2 - SmG[i, 2], t - SmG[i, 3])*uG[i];
> end do;
                                    yG := 0.

                                    yG := 0.

> yfinal := unapply(evalf(yInf(x1, x2, t) + y0 + yG), x1, x2, t);
                                            0.0009438868516
yfinal := (x1, x2, t) -> ------------------------------------------------------
                                                    2                         2
                         1. - 1. (x1 - 0.5000000000)  - 1. (x2 - 0.8000000000)

                          0.0004778262615
     + ------------------------------------------------------
                                  2                         2
       1. - 1. (x1 - 0.5000000000)  - 1. (x2 - 0.9000000000)

                           0.001795379485
     + ------------------------------------------------------
                                  2                         2
       1. - 1. (x1 - 0.5000000000)  - 1. (x2 - 0.6000000000)

                           0.001386705818
     + ------------------------------------------------------
                                  2                         2
       1. - 1. (x1 - 0.5000000000)  - 1. (x2 - 0.7000000000)

                           0.002471127864
     + ------------------------------------------------------
                                  2                         2
       1. - 1. (x1 - 0.5000000000)  - 1. (x2 - 0.4000000000)

                           0.002904985030
     + ------------------------------------------------------
                                  2                         2
       1. - 1. (x1 - 0.5000000000)  - 1. (x2 - 0.2000000000)

                           0.002721563409
     + ------------------------------------------------------
                                  2                         2
       1. - 1. (x1 - 0.5000000000)  - 1. (x2 - 0.3000000000)

                           0.002159844950
     + ------------------------------------------------------
                                  2                         2
       1. - 1. (x1 - 0.5000000000)  - 1. (x2 - 0.5000000000)

                           0.002827273744
     + ------------------------------------------------------
                                  2                         2
       1. - 1. (x1 - 0.4000000000)  - 1. (x2 - 0.4000000000)

                           0.003429369958
     + ------------------------------------------------------
                                  2                         2
       1. - 1. (x1 - 0.3000000000)  - 1. (x2 - 0.3000000000)

                           0.003016876278
     + ------------------------------------------------------
                                  2                         2
       1. - 1. (x1 - 0.5000000000)  - 1. (x2 - 0.1000000000)

                           0.001079922473
     + ------------------------------------------------------
                                  2                         2
       1. - 1. (x1 - 0.4000000000)  - 1. (x2 - 0.8000000000)

                          0.0005466919225
     + ------------------------------------------------------
                                  2                         2
       1. - 1. (x1 - 0.4000000000)  - 1. (x2 - 0.9000000000)

                           0.002054134613
     + ------------------------------------------------------
                                  2                         2
       1. - 1. (x1 - 0.4000000000)  - 1. (x2 - 0.6000000000)

                          0.0001057103363
     + ------------------------------------------------------
                                  2                         2
       1. - 1. (x1 - 0.9000000000)  - 1. (x2 - 0.9000000000)

                          0.0002088177327
     + ------------------------------------------------------
                                  2                         2
       1. - 1. (x1 - 0.9000000000)  - 1. (x2 - 0.8000000000)

                          0.0003971949315
     + ------------------------------------------------------
                                  2                         2
       1. - 1. (x1 - 0.9000000000)  - 1. (x2 - 0.6000000000)

                          0.0003067833442
     + ------------------------------------------------------
                                  2                         2
       1. - 1. (x1 - 0.9000000000)  - 1. (x2 - 0.7000000000)

                          0.0004778262615
     + ------------------------------------------------------
                                  2                         2
       1. - 1. (x1 - 0.9000000000)  - 1. (x2 - 0.5000000000)

                          0.0006020962144
     + ------------------------------------------------------
                                  2                         2
       1. - 1. (x1 - 0.9000000000)  - 1. (x2 - 0.3000000000)

                          0.0005466919225
     + ------------------------------------------------------
                                  2                         2
       1. - 1. (x1 - 0.9000000000)  - 1. (x2 - 0.4000000000)

                          0.0006674287953
     + ------------------------------------------------------
                                  2                         2
       1. - 1. (x1 - 0.9000000000)  - 1. (x2 - 0.1000000000)

                          0.0006674287953
     + ------------------------------------------------------ - 20.8575350388
                                  2                         2
       1. - 1. (x1 - 0.1000000000)  - 1. (x2 - 0.9000000000)

    piecewise(

                                         2                      2 1/2
    0. < t + 1. - 1. ((x2 - 0.5000000000)  + (x1 - 0.5000000000) )    - 0.,

                            0.1591549430
    -------------------------------------------------------------, 0.)
            2                         2                         2
    (t + 1.)  - 1. (x1 - 0.5000000000)  - 1. (x2 - 0.5000000000)

                           0.001586561751
     + ------------------------------------------------------
                                  2                         2
       1. - 1. (x1 - 0.4000000000)  - 1. (x2 - 0.7000000000)

                           0.002471127864
     + ------------------------------------------------------
                                  2                         2
       1. - 1. (x1 - 0.4000000000)  - 1. (x2 - 0.5000000000)

                           0.003323659622
     + ------------------------------------------------------
                                  2                         2
       1. - 1. (x1 - 0.4000000000)  - 1. (x2 - 0.2000000000)

                           0.003113802762
     + ------------------------------------------------------
                                  2                         2
       1. - 1. (x1 - 0.4000000000)  - 1. (x2 - 0.3000000000)

                           0.003451676951
     + ------------------------------------------------------
                                  2                         2
       1. - 1. (x1 - 0.4000000000)  - 1. (x2 - 0.1000000000)

                           0.001189366819
     + ------------------------------------------------------
                                  2                         2
       1. - 1. (x1 - 0.3000000000)  - 1. (x2 - 0.8000000000)

                          0.0006020962144
     + ------------------------------------------------------
                                  2                         2
       1. - 1. (x1 - 0.3000000000)  - 1. (x2 - 0.9000000000)

                           0.002262310130
     + ------------------------------------------------------
                                  2                         2
       1. - 1. (x1 - 0.3000000000)  - 1. (x2 - 0.6000000000)

                           0.001747351268
     + ------------------------------------------------------
                                  2                         2
       1. - 1. (x1 - 0.3000000000)  - 1. (x2 - 0.7000000000)

                           0.003113802762
     + ------------------------------------------------------
                                  2                         2
       1. - 1. (x1 - 0.3000000000)  - 1. (x2 - 0.4000000000)

                           0.002721563409
     + ------------------------------------------------------
                                  2                         2
       1. - 1. (x1 - 0.3000000000)  - 1. (x2 - 0.5000000000)

                           0.003660494684
     + ------------------------------------------------------
                                  2                         2
       1. - 1. (x1 - 0.3000000000)  - 1. (x2 - 0.2000000000)

                           0.003801485883
     + ------------------------------------------------------
                                  2                         2
       1. - 1. (x1 - 0.3000000000)  - 1. (x2 - 0.1000000000)

                           0.001269525006
     + ------------------------------------------------------
                                  2                         2
       1. - 1. (x1 - 0.2000000000)  - 1. (x2 - 0.8000000000)

                          0.0006426748995
     + ------------------------------------------------------
                                  2                         2
       1. - 1. (x1 - 0.2000000000)  - 1. (x2 - 0.9000000000)

                           0.002414780064
     + ------------------------------------------------------
                                  2                         2
       1. - 1. (x1 - 0.2000000000)  - 1. (x2 - 0.6000000000)

                           0.001865115198
     + ------------------------------------------------------
                                  2                         2
       1. - 1. (x1 - 0.2000000000)  - 1. (x2 - 0.7000000000)

                           0.003323659622
     + ------------------------------------------------------
                                  2                         2
       1. - 1. (x1 - 0.2000000000)  - 1. (x2 - 0.4000000000)

                           0.002904985030
     + ------------------------------------------------------
                                  2                         2
       1. - 1. (x1 - 0.2000000000)  - 1. (x2 - 0.5000000000)

                           0.003660494684
     + ------------------------------------------------------
                                  2                         2
       1. - 1. (x1 - 0.2000000000)  - 1. (x2 - 0.3000000000)

                           0.004057689615
     + ------------------------------------------------------
                                  2                         2
       1. - 1. (x1 - 0.2000000000)  - 1. (x2 - 0.1000000000)

                           0.003907196219
     + ------------------------------------------------------
                                  2                         2
       1. - 1. (x1 - 0.2000000000)  - 1. (x2 - 0.2000000000)

                           0.004213979563
     + ------------------------------------------------------ + 23.791788385925
                                  2                         2
       1. - 1. (x1 - 0.1000000000)  - 1. (x2 - 0.1000000000)

    piecewise(

                                         2                      2 1/2
    0. < t + 2. - 1. ((x2 - 0.3333333333)  + (x1 - 0.3333333333) )    - 0.,

                            0.1591549430
    -------------------------------------------------------------, 0.)
            2                         2                         2
    (t + 2.)  - 1. (x1 - 0.3333333333)  - 1. (x2 - 0.3333333333)

                          0.0006426748995
     + ------------------------------------------------------
                                  2                         2
       1. - 1. (x1 - 0.9000000000)  - 1. (x2 - 0.2000000000)

                          0.0002088177327
     + ------------------------------------------------------
                                  2                         2
       1. - 1. (x1 - 0.8000000000)  - 1. (x2 - 0.9000000000)

                          0.0009438868516
     + ------------------------------------------------------
                                  2                         2
       1. - 1. (x1 - 0.8000000000)  - 1. (x2 - 0.5000000000)

                          0.0006060126626
     + ------------------------------------------------------
                                  2                         2
       1. - 1. (x1 - 0.8000000000)  - 1. (x2 - 0.7000000000)

                          0.0004124936786
     + ------------------------------------------------------
                                  2                         2
       1. - 1. (x1 - 0.8000000000)  - 1. (x2 - 0.8000000000)

                          0.0008903199398
     + ------------------------------------------------------
                                  2                         2
       1. - 1. (x1 - 0.7000000000)  - 1. (x2 - 0.7000000000)

                           0.001492416155
     + ------------------------------------------------------
                                  2                         2
       1. - 1. (x1 - 0.6000000000)  - 1. (x2 - 0.6000000000)

                           0.001079922473
     + ------------------------------------------------------
                                  2                         2
       1. - 1. (x1 - 0.8000000000)  - 1. (x2 - 0.4000000000)

                           0.001269525006
     + ------------------------------------------------------
                                  2                         2
       1. - 1. (x1 - 0.8000000000)  - 1. (x2 - 0.2000000000)

                           0.001189366819
     + ------------------------------------------------------
                                  2                         2
       1. - 1. (x1 - 0.8000000000)  - 1. (x2 - 0.3000000000)

                          0.0003067833442
     + ------------------------------------------------------
                                  2                         2
       1. - 1. (x1 - 0.7000000000)  - 1. (x2 - 0.9000000000)

                           0.001318423275
     + ------------------------------------------------------
                                  2                         2
       1. - 1. (x1 - 0.8000000000)  - 1. (x2 - 0.1000000000)

                          0.0006060126626
     + ------------------------------------------------------
                                  2                         2
       1. - 1. (x1 - 0.7000000000)  - 1. (x2 - 0.8000000000)

                           0.001386705818
     + ------------------------------------------------------
                                  2                         2
       1. - 1. (x1 - 0.7000000000)  - 1. (x2 - 0.5000000000)

                           0.001152704586
     + ------------------------------------------------------
                                  2                         2
       1. - 1. (x1 - 0.7000000000)  - 1. (x2 - 0.6000000000)

                           0.001586561751
     + ------------------------------------------------------
                                  2                         2
       1. - 1. (x1 - 0.7000000000)  - 1. (x2 - 0.4000000000)

                           0.001865115198
     + ------------------------------------------------------
                                  2                         2
       1. - 1. (x1 - 0.7000000000)  - 1. (x2 - 0.2000000000)

                           0.001747351268
     + ------------------------------------------------------
                                  2                         2
       1. - 1. (x1 - 0.7000000000)  - 1. (x2 - 0.3000000000)

                          0.0003971949315
     + ------------------------------------------------------
                                  2                         2
       1. - 1. (x1 - 0.6000000000)  - 1. (x2 - 0.9000000000)

                           0.001936953802
     + ------------------------------------------------------
                                  2                         2
       1. - 1. (x1 - 0.7000000000)  - 1. (x2 - 0.1000000000)

                           0.001152704586
     + ------------------------------------------------------
                                  2                         2
       1. - 1. (x1 - 0.6000000000)  - 1. (x2 - 0.7000000000)

                           0.002054134613
     + ------------------------------------------------------
                                  2                         2
       1. - 1. (x1 - 0.6000000000)  - 1. (x2 - 0.4000000000)

                           0.001795379485
     + ------------------------------------------------------
                                  2                         2
       1. - 1. (x1 - 0.6000000000)  - 1. (x2 - 0.5000000000)

                           0.002262310130
     + ------------------------------------------------------
                                  2                         2
       1. - 1. (x1 - 0.6000000000)  - 1. (x2 - 0.3000000000)

                           0.002507790098
     + ------------------------------------------------------
                                  2                         2
       1. - 1. (x1 - 0.6000000000)  - 1. (x2 - 0.1000000000)

                           0.002414780064
     + ------------------------------------------------------
                                  2                         2
       1. - 1. (x1 - 0.6000000000)  - 1. (x2 - 0.2000000000)

                           0.004057689615
     + ------------------------------------------------------
                                  2                         2
       1. - 1. (x1 - 0.1000000000)  - 1. (x2 - 0.2000000000)

                           0.003801485883
     + ------------------------------------------------------
                                  2                         2
       1. - 1. (x1 - 0.1000000000)  - 1. (x2 - 0.3000000000)

                           0.003451676951
     + ------------------------------------------------------
                                  2                         2
       1. - 1. (x1 - 0.1000000000)  - 1. (x2 - 0.4000000000)

                           0.003016876278
     + ------------------------------------------------------
                                  2                         2
       1. - 1. (x1 - 0.1000000000)  - 1. (x2 - 0.5000000000)

                           0.002507790098
     + ------------------------------------------------------
                                  2                         2
       1. - 1. (x1 - 0.1000000000)  - 1. (x2 - 0.6000000000)

                           0.001936953802
     + ------------------------------------------------------
                                  2                         2
       1. - 1. (x1 - 0.1000000000)  - 1. (x2 - 0.7000000000)

                           0.001318423275
     + ------------------------------------------------------
                                  2                         2
       1. - 1. (x1 - 0.1000000000)  - 1. (x2 - 0.8000000000)


> save yfinal, "y_final.log";
> animate3d(yfinal(x1, x2, t), x1 = -X1 .. X1, x2 = -X2 .. X2, t = 0 .. T, color = sin(x1*x2));

> quit
memory used=54.7MB, alloc=46.3MB, time=1.33
X11Util.Display: Shutdown (JVM shutdown: true, open (no close attempt): 1/1, reusable (open, marked uncloseable): 0, pending (open in creation order): 1)
X11Util: Open X11 Display Connections: 1
X11Util: Open[0]: NamedX11Display[:0, 0x7fa0fc4966d0, refCount 1, unCloseable false]
