yfinal := (x1, x2, t) -> .3067833442e-3/(1.-1.*(x1-.7000000000)^2-1.*(x2-.90000\
00000)^2)+.1318423275e-2/(1.-1.*(x1-.8000000000)^2-1.*(x2-.1000000000)^2)+.\
6060126626e-3/(1.-1.*(x1-.7000000000)^2-1.*(x2-.8000000000)^2)+.1386705818e-2/(
1.-1.*(x1-.7000000000)^2-1.*(x2-.5000000000)^2)+.1152704586e-2/(1.-1.*(x1-.7000\
000000)^2-1.*(x2-.6000000000)^2)+.1586561751e-2/(1.-1.*(x1-.7000000000)^2-1.*(
x2-.4000000000)^2)+.1865115198e-2/(1.-1.*(x1-.7000000000)^2-1.*(x2-.2000000000)
^2)+.1747351268e-2/(1.-1.*(x1-.7000000000)^2-1.*(x2-.3000000000)^2)+.3971949315\
e-3/(1.-1.*(x1-.6000000000)^2-1.*(x2-.9000000000)^2)+.1936953802e-2/(1.-1.*(x1-\
.7000000000)^2-1.*(x2-.1000000000)^2)+.1152704586e-2/(1.-1.*(x1-.6000000000)^2-\
1.*(x2-.7000000000)^2)+.2054134613e-2/(1.-1.*(x1-.6000000000)^2-1.*(x2-.4000000\
000)^2)+.1795379485e-2/(1.-1.*(x1-.6000000000)^2-1.*(x2-.5000000000)^2)+.\
2262310130e-2/(1.-1.*(x1-.6000000000)^2-1.*(x2-.3000000000)^2)+.2507790098e-2/(
1.-1.*(x1-.6000000000)^2-1.*(x2-.1000000000)^2)+.2414780064e-2/(1.-1.*(x1-.6000\
000000)^2-1.*(x2-.2000000000)^2)+.9438868516e-3/(1.-1.*(x1-.5000000000)^2-1.*(
x2-.8000000000)^2)+.4778262615e-3/(1.-1.*(x1-.5000000000)^2-1.*(x2-.9000000000)
^2)+.1795379485e-2/(1.-1.*(x1-.5000000000)^2-1.*(x2-.6000000000)^2)+.1386705818\
e-2/(1.-1.*(x1-.5000000000)^2-1.*(x2-.7000000000)^2)+.2471127864e-2/(1.-1.*(x1-\
.5000000000)^2-1.*(x2-.4000000000)^2)+.2904985030e-2/(1.-1.*(x1-.5000000000)^2-\
1.*(x2-.2000000000)^2)+.2721563409e-2/(1.-1.*(x1-.5000000000)^2-1.*(x2-.3000000\
000)^2)+.2159844950e-2/(1.-1.*(x1-.5000000000)^2-1.*(x2-.5000000000)^2)+.\
2827273744e-2/(1.-1.*(x1-.4000000000)^2-1.*(x2-.4000000000)^2)+.1057103363e-3/(
1.-1.*(x1-.9000000000)^2-1.*(x2-.9000000000)^2)+.2088177327e-3/(1.-1.*(x1-.9000\
000000)^2-1.*(x2-.8000000000)^2)+.3971949315e-3/(1.-1.*(x1-.9000000000)^2-1.*(
x2-.6000000000)^2)+.3067833442e-3/(1.-1.*(x1-.9000000000)^2-1.*(x2-.7000000000)
^2)+.4778262615e-3/(1.-1.*(x1-.9000000000)^2-1.*(x2-.5000000000)^2)+.6020962144\
e-3/(1.-1.*(x1-.9000000000)^2-1.*(x2-.3000000000)^2)+.4057689615e-2/(1.-1.*(x1-\
.1000000000)^2-1.*(x2-.2000000000)^2)+.3801485883e-2/(1.-1.*(x1-.1000000000)^2-\
1.*(x2-.3000000000)^2)+.3451676951e-2/(1.-1.*(x1-.1000000000)^2-1.*(x2-.4000000\
000)^2)+.3016876278e-2/(1.-1.*(x1-.1000000000)^2-1.*(x2-.5000000000)^2)+.\
2507790098e-2/(1.-1.*(x1-.1000000000)^2-1.*(x2-.6000000000)^2)+.1936953802e-2/(
1.-1.*(x1-.1000000000)^2-1.*(x2-.7000000000)^2)+.1318423275e-2/(1.-1.*(x1-.1000\
000000)^2-1.*(x2-.8000000000)^2)+.6674287953e-3/(1.-1.*(x1-.1000000000)^2-1.*(
x2-.9000000000)^2)-20.8575350388*piecewise(0. < t+1.-1.*((x2-.5000000000)^2+(x1
-.5000000000)^2)^(1/2)-0.,.1591549430/((t+1.)^2-1.*(x1-.5000000000)^2-1.*(x2-.5\
000000000)^2),0.)+.3429369958e-2/(1.-1.*(x1-.3000000000)^2-1.*(x2-.3000000000)^
2)+.3016876278e-2/(1.-1.*(x1-.5000000000)^2-1.*(x2-.1000000000)^2)+.1079922473e\
-2/(1.-1.*(x1-.4000000000)^2-1.*(x2-.8000000000)^2)+.5466919225e-3/(1.-1.*(x1-.\
4000000000)^2-1.*(x2-.9000000000)^2)+.2054134613e-2/(1.-1.*(x1-.4000000000)^2-1\
.*(x2-.6000000000)^2)+.1586561751e-2/(1.-1.*(x1-.4000000000)^2-1.*(x2-.70000000\
00)^2)+.2471127864e-2/(1.-1.*(x1-.4000000000)^2-1.*(x2-.5000000000)^2)+.\
3323659622e-2/(1.-1.*(x1-.4000000000)^2-1.*(x2-.2000000000)^2)+.3113802762e-2/(
1.-1.*(x1-.4000000000)^2-1.*(x2-.3000000000)^2)+.3451676951e-2/(1.-1.*(x1-.4000\
000000)^2-1.*(x2-.1000000000)^2)+.1189366819e-2/(1.-1.*(x1-.3000000000)^2-1.*(
x2-.8000000000)^2)+.6020962144e-3/(1.-1.*(x1-.3000000000)^2-1.*(x2-.9000000000)
^2)+.2262310130e-2/(1.-1.*(x1-.3000000000)^2-1.*(x2-.6000000000)^2)+.1747351268\
e-2/(1.-1.*(x1-.3000000000)^2-1.*(x2-.7000000000)^2)+.3113802762e-2/(1.-1.*(x1-\
.3000000000)^2-1.*(x2-.4000000000)^2)+.2721563409e-2/(1.-1.*(x1-.3000000000)^2-\
1.*(x2-.5000000000)^2)+.3660494684e-2/(1.-1.*(x1-.3000000000)^2-1.*(x2-.2000000\
000)^2)+.3801485883e-2/(1.-1.*(x1-.3000000000)^2-1.*(x2-.1000000000)^2)+.\
1269525006e-2/(1.-1.*(x1-.2000000000)^2-1.*(x2-.8000000000)^2)+.6426748995e-3/(
1.-1.*(x1-.2000000000)^2-1.*(x2-.9000000000)^2)+.2414780064e-2/(1.-1.*(x1-.2000\
000000)^2-1.*(x2-.6000000000)^2)+.1865115198e-2/(1.-1.*(x1-.2000000000)^2-1.*(
x2-.7000000000)^2)+.3323659622e-2/(1.-1.*(x1-.2000000000)^2-1.*(x2-.4000000000)
^2)+.2904985030e-2/(1.-1.*(x1-.2000000000)^2-1.*(x2-.5000000000)^2)+.3660494684\
e-2/(1.-1.*(x1-.2000000000)^2-1.*(x2-.3000000000)^2)+.4057689615e-2/(1.-1.*(x1-\
.2000000000)^2-1.*(x2-.1000000000)^2)+.3907196219e-2/(1.-1.*(x1-.2000000000)^2-\
1.*(x2-.2000000000)^2)+.4213979563e-2/(1.-1.*(x1-.1000000000)^2-1.*(x2-.1000000\
000)^2)+23.791788385925*piecewise(0. < t+2.-1.*((x2-.3333333333)^2+(x1-.3333333\
333)^2)^(1/2)-0.,.1591549430/((t+2.)^2-1.*(x1-.3333333333)^2-1.*(x2-.3333333333
)^2),0.)+.5466919225e-3/(1.-1.*(x1-.9000000000)^2-1.*(x2-.4000000000)^2)+.\
6674287953e-3/(1.-1.*(x1-.9000000000)^2-1.*(x2-.1000000000)^2)+.6426748995e-3/(
1.-1.*(x1-.9000000000)^2-1.*(x2-.2000000000)^2)+.2088177327e-3/(1.-1.*(x1-.8000\
000000)^2-1.*(x2-.9000000000)^2)+.9438868516e-3/(1.-1.*(x1-.8000000000)^2-1.*(
x2-.5000000000)^2)+.6060126626e-3/(1.-1.*(x1-.8000000000)^2-1.*(x2-.7000000000)
^2)+.4124936786e-3/(1.-1.*(x1-.8000000000)^2-1.*(x2-.8000000000)^2)+.8903199398\
e-3/(1.-1.*(x1-.7000000000)^2-1.*(x2-.7000000000)^2)+.1492416155e-2/(1.-1.*(x1-\
.6000000000)^2-1.*(x2-.6000000000)^2)+.1079922473e-2/(1.-1.*(x1-.8000000000)^2-\
1.*(x2-.4000000000)^2)+.1269525006e-2/(1.-1.*(x1-.8000000000)^2-1.*(x2-.2000000\
000)^2)+.1189366819e-2/(1.-1.*(x1-.8000000000)^2-1.*(x2-.3000000000)^2);
